01-29 05:05:47.721 I/Xposed  ( 3148): {"class":"android.os.SystemProperties","method":"get","timestamp":1548709547719,"type":"content","args":["debug.second-display.pkg"],"result":""}
01-29 05:05:47.732 I/Xposed  ( 3148): {"class":"android.os.SystemProperties","method":"get","timestamp":1548709547729,"type":"content","args":["debug.egl.hw"],"result":""}
01-29 05:05:47.737 I/Xposed  ( 3148): {"class":"android.os.SystemProperties","method":"get","timestamp":1548709547733,"type":"content","args":["ro.config.low_ram","false"],"result":"false"}
01-29 05:05:47.742 I/Xposed  ( 3148): {"class":"android.os.SystemProperties","method":"get","timestamp":1548709547739,"type":"content","args":["debug.egl.hw"],"result":""}
01-29 05:05:47.747 I/Xposed  ( 3148): {"class":"android.os.SystemProperties","method":"get","timestamp":1548709547744,"type":"content","args":["ro.config.low_ram","false"],"result":"false"}
01-29 05:05:47.752 I/Xposed  ( 3148): {"class":"android.os.SystemProperties","method":"get","timestamp":1548709547750,"type":"content","args":["debug.egl.hw"],"result":""}
01-29 05:05:47.757 I/Xposed  ( 3148): {"class":"android.os.SystemProperties","method":"get","timestamp":1548709547754,"type":"content","args":["ro.config.low_ram","false"],"result":"false"}
01-29 05:05:47.761 I/Xposed  ( 3148): {"class":"android.os.SystemProperties","method":"get","timestamp":1548709547759,"type":"content","args":["debug.egl.hw"],"result":""}
01-29 05:05:47.767 I/Xposed  ( 3148): {"class":"android.os.SystemProperties","method":"get","timestamp":1548709547763,"type":"content","args":["ro.config.low_ram","false"],"result":"false"}
01-29 05:05:47.774 I/Xposed  ( 3148): {"class":"android.os.SystemProperties","method":"get","timestamp":1548709547769,"type":"content","args":["debug.egl.hw"],"result":""}
01-29 05:05:47.787 I/Xposed  ( 3148): {"class":"android.os.SystemProperties","method":"get","timestamp":1548709547782,"type":"content","args":["ro.config.low_ram","false"],"result":"false"}
01-29 05:05:47.795 I/Xposed  ( 3148): {"class":"android.os.SystemProperties","method":"get","timestamp":1548709547791,"type":"content","args":["debug.egl.hw"],"result":""}
01-29 05:05:47.800 I/Xposed  ( 3148): {"class":"android.os.SystemProperties","method":"get","timestamp":1548709547796,"type":"content","args":["ro.config.low_ram","false"],"result":"false"}
01-29 05:05:47.807 I/Xposed  ( 3148): {"class":"java.lang.reflect.Method","method":"invoke","timestamp":1548709547807,"type":"reflection","hooked_class":"android.support.v7.widget.ActionBarOverlayLayout","hooked_method":"makeOptionalFitsSystemWindows","args":[]}
01-29 05:05:48.359 I/Xposed  ( 3148): {"class":"android.os.SystemProperties","method":"get","timestamp":1548709548355,"type":"content","args":["debug.egl.hw"],"result":""}
01-29 05:05:48.366 I/Xposed  ( 3148): {"class":"android.os.SystemProperties","method":"get","timestamp":1548709548363,"type":"content","args":["ro.config.low_ram","false"],"result":"false"}
01-29 05:06:02.882 I/Xposed  ( 3148): {"class":"android.telephony.TelephonyManager","method":"getNetworkOperatorName","timestamp":1548709562878,"type":"fingerprint","result":"CMCC"}
01-29 05:06:02.888 I/Xposed  ( 3148): {"class":"android.telephony.TelephonyManager","method":"getNetworkOperatorName","timestamp":1548709562886,"type":"fingerprint","result":"CMCC"}
01-29 05:06:03.573 I/Xposed  ( 3148): {"class":"android.telephony.TelephonyManager","method":"getDeviceId","timestamp":1548709563189,"type":"fingerprint","result":"098767899076561"}
01-29 05:06:03.644 I/Xposed  ( 3148): {"class":"android.telephony.TelephonyManager","method":"getDeviceId","timestamp":1548709563576,"type":"fingerprint","result":"098767899076561"}
01-29 05:06:03.796 I/Xposed  ( 3148): {"class":"android.telephony.TelephonyManager","method":"getDeviceId","timestamp":1548709563649,"type":"fingerprint","result":"098767899076561"}
01-29 05:06:03.803 I/Xposed  ( 3148): {"class":"android.telephony.TelephonyManager","method":"getDeviceId","timestamp":1548709563802,"type":"fingerprint","result":"098767899076561"}
01-29 05:06:03.969 I/Xposed  ( 3148): {"class":"android.telephony.TelephonyManager","method":"getLine1Number","timestamp":1548709563810,"type":"fingerprint","result":"15802920458"}
01-29 05:06:03.974 I/Xposed  ( 3148): {"class":"android.telephony.TelephonyManager","method":"getDeviceId","timestamp":1548709563973,"type":"fingerprint","result":"098767899076561"}
01-29 05:06:03.977 I/Xposed  ( 3148): {"class":"android.telephony.TelephonyManager","method":"getSubscriberId","timestamp":1548709563976,"type":"fingerprint","args":["-1"]}
01-29 05:06:03.979 I/Xposed  ( 3148): {"class":"android.telephony.TelephonyManager","method":"getSubscriberId","timestamp":1548709563979,"type":"fingerprint"}
01-29 05:06:04.020 I/Xposed  ( 3148): {"class":"android.telephony.TelephonyManager","method":"getSubscriberId","timestamp":1548709564019,"type":"fingerprint","args":["-1"]}
01-29 05:06:04.023 I/Xposed  ( 3148): {"class":"android.telephony.TelephonyManager","method":"getSubscriberId","timestamp":1548709564023,"type":"fingerprint"}
01-29 05:06:04.297 I/Xposed  ( 3148): {"class":"android.os.SystemProperties","method":"get","timestamp":1548709564295,"type":"content","args":["ro.hardware"],"result":"android_x86"}
01-29 05:06:04.363 I/Xposed  ( 3148): {"class":"java.lang.reflect.Method","method":"invoke","timestamp":1548709564298,"type":"reflection","hooked_class":"java.lang.Class","hooked_method":"get","args":["ro.hardware"],"result":"android_x86"}
01-29 05:06:04.434 I/Xposed  ( 3148): {"class":"android.os.SystemProperties","method":"get","timestamp":1548709564366,"type":"content","args":["ro.hardware"],"result":"android_x86"}
01-29 05:06:04.437 I/Xposed  ( 3148): {"class":"java.lang.reflect.Method","method":"invoke","timestamp":1548709564435,"type":"reflection","hooked_class":"java.lang.Class","hooked_method":"get","args":["ro.hardware"],"result":"android_x86"}
01-29 05:06:04.508 I/Xposed  ( 3148): {"class":"android.os.SystemProperties","method":"get","timestamp":1548709564447,"type":"content","args":["ro.product.device"],"result":"hammerhead"}
01-29 05:06:04.514 I/Xposed  ( 3148): {"class":"java.lang.reflect.Method","method":"invoke","timestamp":1548709564508,"type":"reflection","hooked_class":"java.lang.Class","hooked_method":"get","args":["ro.product.device"],"result":"hammerhead"}
01-29 05:06:04.708 I/Xposed  ( 3148): {"class":"android.os.SystemProperties","method":"get","timestamp":1548709564647,"type":"content","args":["ro.kernel.qemu"],"result":""}
01-29 05:06:04.710 I/Xposed  ( 3148): {"class":"java.lang.reflect.Method","method":"invoke","timestamp":1548709564708,"type":"reflection","hooked_class":"java.lang.Class","hooked_method":"get","args":["ro.kernel.qemu"],"result":""}
01-29 05:06:04.714 I/Xposed  ( 3148): {"class":"android.os.SystemProperties","method":"get","timestamp":1548709564713,"type":"content","args":["ro.secure"],"result":"1"}
01-29 05:06:04.928 I/Xposed  ( 3148): {"class":"java.lang.reflect.Method","method":"invoke","timestamp":1548709564718,"type":"reflection","hooked_class":"java.lang.Class","hooked_method":"get","args":["ro.secure"],"result":"1"}
01-29 05:06:05.027 I/Xposed  ( 3148): {"class":"libcore.io.IoBridge","method":"open","timestamp":1548709564935,"type":"file","args":["\/proc\/cpuinfo","0"],"result":{"descriptor":25}}
01-29 05:06:05.102 I/Xposed  ( 3148): {"class":"libcore.io.IoBridge","method":"open","timestamp":1548709565066,"type":"file","args":["\/proc\/net\/if_inet6","0"],"result":{"descriptor":31}}
01-29 05:06:05.341 I/Xposed  ( 3148): {"class":"libcore.io.IoBridge","method":"open","timestamp":1548709565147,"type":"file","args":["\/sys\/class\/net\/ip6tnl0\/ifindex","0"],"result":{"descriptor":31}}
01-29 05:06:05.347 I/Xposed  ( 3148): {"class":"android.os.SystemProperties","method":"get","timestamp":1548709565345,"type":"content","args":["ro.build.type"],"result":"user"}
01-29 05:06:05.350 I/Xposed  ( 3148): {"class":"java.lang.reflect.Method","method":"invoke","timestamp":1548709565348,"type":"reflection","hooked_class":"java.lang.Class","hooked_method":"get","args":["ro.build.type"],"result":"user"}
