01-29 05:05:51.604 I/Xposed  ( 3160): {"class":"android.os.SystemProperties","method":"get","timestamp":1548709551602,"type":"content","args":["debug.second-display.pkg"],"result":""}
01-29 05:05:51.623 I/Xposed  ( 3160): {"class":"android.os.SystemProperties","method":"get","timestamp":1548709551622,"type":"content","args":["debug.egl.hw"],"result":""}
01-29 05:05:51.624 I/Xposed  ( 3160): {"class":"android.os.SystemProperties","method":"get","timestamp":1548709551624,"type":"content","args":["ro.config.low_ram","false"],"result":"false"}
01-29 05:05:51.626 I/Xposed  ( 3160): {"class":"android.os.SystemProperties","method":"get","timestamp":1548709551625,"type":"content","args":["debug.egl.hw"],"result":""}
01-29 05:05:51.627 I/Xposed  ( 3160): {"class":"android.os.SystemProperties","method":"get","timestamp":1548709551627,"type":"content","args":["ro.config.low_ram","false"],"result":"false"}
01-29 05:05:51.630 I/Xposed  ( 3160): {"class":"android.os.SystemProperties","method":"get","timestamp":1548709551629,"type":"content","args":["debug.egl.hw"],"result":""}
01-29 05:05:51.631 I/Xposed  ( 3160): {"class":"android.os.SystemProperties","method":"get","timestamp":1548709551630,"type":"content","args":["ro.config.low_ram","false"],"result":"false"}
01-29 05:05:51.632 I/Xposed  ( 3160): {"class":"android.os.SystemProperties","method":"get","timestamp":1548709551632,"type":"content","args":["debug.egl.hw"],"result":""}
01-29 05:05:51.634 I/Xposed  ( 3160): {"class":"android.os.SystemProperties","method":"get","timestamp":1548709551633,"type":"content","args":["ro.config.low_ram","false"],"result":"false"}
01-29 05:05:51.636 I/Xposed  ( 3160): {"class":"android.os.SystemProperties","method":"get","timestamp":1548709551635,"type":"content","args":["debug.egl.hw"],"result":""}
01-29 05:05:51.637 I/Xposed  ( 3160): {"class":"android.os.SystemProperties","method":"get","timestamp":1548709551636,"type":"content","args":["ro.config.low_ram","false"],"result":"false"}
01-29 05:05:51.640 I/Xposed  ( 3160): {"class":"android.os.SystemProperties","method":"get","timestamp":1548709551639,"type":"content","args":["debug.egl.hw"],"result":""}
01-29 05:05:51.643 I/Xposed  ( 3160): {"class":"android.os.SystemProperties","method":"get","timestamp":1548709551641,"type":"content","args":["ro.config.low_ram","false"],"result":"false"}
01-29 05:05:51.649 I/Xposed  ( 3160): {"class":"java.lang.reflect.Method","method":"invoke","timestamp":1548709551649,"type":"reflection","hooked_class":"android.support.v7.widget.ActionBarOverlayLayout","hooked_method":"makeOptionalFitsSystemWindows","args":[]}
01-29 05:05:52.187 I/Xposed  ( 3160): {"class":"android.os.SystemProperties","method":"get","timestamp":1548709552186,"type":"content","args":["debug.egl.hw"],"result":""}
01-29 05:05:52.189 I/Xposed  ( 3160): {"class":"android.os.SystemProperties","method":"get","timestamp":1548709552187,"type":"content","args":["ro.config.low_ram","false"],"result":"false"}
01-29 05:05:59.195 I/Xposed  ( 3160): {"class":"android.telephony.TelephonyManager","method":"getNetworkOperatorName","timestamp":1548709559177,"type":"fingerprint","result":"CMCC"}
01-29 05:06:00.306 I/Xposed  ( 3160): {"class":"android.telephony.TelephonyManager","method":"getNetworkOperatorName","timestamp":1548709560305,"type":"fingerprint","result":"CMCC"}
01-29 05:06:00.377 I/Xposed  ( 3160): {"class":"android.telephony.TelephonyManager","method":"getDeviceId","timestamp":1548709560377,"type":"fingerprint","result":"098767899076561"}
01-29 05:06:00.540 I/Xposed  ( 3160): {"class":"android.telephony.TelephonyManager","method":"getDeviceId","timestamp":1548709560540,"type":"fingerprint","result":"098767899076561"}
01-29 05:06:00.575 I/Xposed  ( 3160): {"class":"android.telephony.TelephonyManager","method":"getDeviceId","timestamp":1548709560573,"type":"fingerprint","result":"098767899076561"}
01-29 05:06:00.578 I/Xposed  ( 3160): {"class":"android.telephony.TelephonyManager","method":"getDeviceId","timestamp":1548709560577,"type":"fingerprint","result":"098767899076561"}
01-29 05:06:00.579 I/Xposed  ( 3160): {"class":"android.telephony.TelephonyManager","method":"getLine1Number","timestamp":1548709560579,"type":"fingerprint","result":"15802920458"}
01-29 05:06:00.581 I/Xposed  ( 3160): {"class":"android.telephony.TelephonyManager","method":"getDeviceId","timestamp":1548709560580,"type":"fingerprint","result":"098767899076561"}
01-29 05:06:00.612 I/Xposed  ( 3160): {"class":"android.telephony.TelephonyManager","method":"getSubscriberId","timestamp":1548709560582,"type":"fingerprint","args":["-1"]}
01-29 05:06:01.061 I/Xposed  ( 3160): {"class":"android.telephony.TelephonyManager","method":"getSubscriberId","timestamp":1548709561061,"type":"fingerprint"}
01-29 05:06:01.065 I/Xposed  ( 3160): {"class":"android.telephony.TelephonyManager","method":"getSubscriberId","timestamp":1548709561064,"type":"fingerprint","args":["-1"]}
01-29 05:06:01.065 I/Xposed  ( 3160): {"class":"android.telephony.TelephonyManager","method":"getSubscriberId","timestamp":1548709561065,"type":"fingerprint"}
01-29 05:06:01.129 I/Xposed  ( 3160): {"class":"android.os.SystemProperties","method":"get","timestamp":1548709561128,"type":"content","args":["ro.hardware"],"result":"android_x86"}
01-29 05:06:01.129 I/Xposed  ( 3160): {"class":"java.lang.reflect.Method","method":"invoke","timestamp":1548709561129,"type":"reflection","hooked_class":"java.lang.Class","hooked_method":"get","args":["ro.hardware"],"result":"android_x86"}
01-29 05:06:01.134 I/Xposed  ( 3160): {"class":"android.os.SystemProperties","method":"get","timestamp":1548709561130,"type":"content","args":["ro.hardware"],"result":"android_x86"}
01-29 05:06:01.135 I/Xposed  ( 3160): {"class":"java.lang.reflect.Method","method":"invoke","timestamp":1548709561134,"type":"reflection","hooked_class":"java.lang.Class","hooked_method":"get","args":["ro.hardware"],"result":"android_x86"}
01-29 05:06:01.137 I/Xposed  ( 3160): {"class":"android.os.SystemProperties","method":"get","timestamp":1548709561135,"type":"content","args":["ro.product.device"],"result":"hammerhead"}
01-29 05:06:01.345 I/Xposed  ( 3160): {"class":"java.lang.reflect.Method","method":"invoke","timestamp":1548709561344,"type":"reflection","hooked_class":"java.lang.Class","hooked_method":"get","args":["ro.product.device"],"result":"hammerhead"}
01-29 05:06:01.346 I/Xposed  ( 3160): {"class":"android.os.SystemProperties","method":"get","timestamp":1548709561345,"type":"content","args":["ro.kernel.qemu"],"result":""}
01-29 05:06:01.347 I/Xposed  ( 3160): {"class":"java.lang.reflect.Method","method":"invoke","timestamp":1548709561346,"type":"reflection","hooked_class":"java.lang.Class","hooked_method":"get","args":["ro.kernel.qemu"],"result":""}
01-29 05:06:01.353 I/Xposed  ( 3160): {"class":"android.os.SystemProperties","method":"get","timestamp":1548709561347,"type":"content","args":["ro.secure"],"result":"1"}
01-29 05:06:01.555 I/Xposed  ( 3160): {"class":"java.lang.reflect.Method","method":"invoke","timestamp":1548709561353,"type":"reflection","hooked_class":"java.lang.Class","hooked_method":"get","args":["ro.secure"],"result":"1"}
01-29 05:06:01.561 I/Xposed  ( 3160): {"class":"libcore.io.IoBridge","method":"open","timestamp":1548709561559,"type":"file","args":["\/proc\/cpuinfo","0"],"result":{"descriptor":25}}
01-29 05:06:01.755 I/Xposed  ( 3160): {"class":"libcore.io.IoBridge","method":"open","timestamp":1548709561753,"type":"file","args":["\/proc\/net\/if_inet6","0"],"result":{"descriptor":31}}
01-29 05:06:01.845 I/Xposed  ( 3160): {"class":"libcore.io.IoBridge","method":"open","timestamp":1548709561843,"type":"file","args":["\/sys\/class\/net\/ip6tnl0\/ifindex","0"],"result":{"descriptor":31}}
01-29 05:06:01.982 I/Xposed  ( 3160): {"class":"android.os.SystemProperties","method":"get","timestamp":1548709561904,"type":"content","args":["ro.build.type"],"result":"user"}
01-29 05:06:01.983 I/Xposed  ( 3160): {"class":"java.lang.reflect.Method","method":"invoke","timestamp":1548709561983,"type":"reflection","hooked_class":"java.lang.Class","hooked_method":"get","args":["ro.build.type"],"result":"user"}
